<?xml version="1.0" encoding="utf-8"?><testsuites name="pytest tests"><testsuite name="pytest" errors="0" failures="0" skipped="0" tests="4" time="11.790" timestamp="2026-03-26T09:57:37.479947+00:00" hostname="agent-env-02613737-8060-47e4-9243-5011bf67766a"><testcase classname="backend.tests.test_core_endpoints" name="test_health_endpoint" time="0.168" /><testcase classname="backend.tests.test_core_endpoints" name="test_create_run_and_get_by_share_token" time="0.169" /><testcase classname="backend.tests.test_core_endpoints" name="test_shared_run_not_found_returns_404" time="0.110" /><testcase classname="backend.tests.test_core_endpoints" name="test_ai_tutor_response_shape" time="11.317" /></testsuite></testsuites>